<?xml version="1.0" encoding="UTF-8"?>
<!-- Generated by org.testng.reporters.JUnitReportReporter -->
<testsuite name="testcases.TC_001" tests="1" time="9.046" ignored="0" failures="0" timestamp="15 Oct 2017 17:41:33 GMT" skipped="0" hostname="Latitude-PC" errors="0">
  <testcase name="testcase1" time="9.046" classname="testcases.TC_001"/>
</testsuite> <!-- testcases.TC_001 -->
